<?xml version="1.0" encoding="UTF-8"?>
<testng-results ignored="0" total="1" passed="1" failed="0" skipped="0">
  <reporter-output>
  </reporter-output>
  <suite started-at="2023-07-31T07:19:34 IST" name="Default suite" finished-at="2023-07-31T07:20:07 IST" duration-ms="32582">
    <groups>
    </groups>
    <test started-at="2023-07-31T07:19:34 IST" name="Default test" finished-at="2023-07-31T07:20:07 IST" duration-ms="32582">
      <class name="TestNG.Assertions">
        <test-method is-config="true" signature="openApp()[pri:0, instance:TestNG.Assertions@4d02f94e]" started-at="2023-07-31T07:19:34 IST" name="openApp" finished-at="2023-07-31T07:19:58 IST" duration-ms="23905" status="PASS">
          <reporter-output>
          </reporter-output>
        </test-method> <!-- openApp -->
        <test-method signature="Login()[pri:0, instance:TestNG.Assertions@4d02f94e]" started-at="2023-07-31T07:19:58 IST" name="Login" finished-at="2023-07-31T07:20:07 IST" duration-ms="8515" status="PASS">
          <reporter-output>
          </reporter-output>
        </test-method> <!-- Login -->
        <test-method is-config="true" signature="closeApp()[pri:0, instance:TestNG.Assertions@4d02f94e]" started-at="2023-07-31T07:20:07 IST" name="closeApp" finished-at="2023-07-31T07:20:07 IST" duration-ms="133" status="PASS">
          <reporter-output>
          </reporter-output>
        </test-method> <!-- closeApp -->
      </class> <!-- TestNG.Assertions -->
    </test> <!-- Default test -->
  </suite> <!-- Default suite -->
</testng-results>
